<?xml version="1.0" encoding="UTF-8"?>
<testsuites>
  <testsuite name="/home/francisco/www/PHPTestForBSkyB/assets/tests/" tests="8" assertions="12" failures="0" errors="0" time="0.038468">
    <testsuite name="BasketTestCase" file="/home/francisco/www/PHPTestForBSkyB/assets/tests/BasketTest.php" tests="4" assertions="4" failures="0" errors="0" time="0.021397">
      <testcase name="testIsInstanceOfBasket" class="BasketTestCase" file="/home/francisco/www/PHPTestForBSkyB/assets/tests/BasketTest.php" line="16" assertions="1" time="0.008465"/>
      <testcase name="testEmptyBasket" class="BasketTestCase" file="/home/francisco/www/PHPTestForBSkyB/assets/tests/BasketTest.php" line="28" assertions="1" time="0.004117"/>
      <testcase name="testProductCanBeFoundInBasket" class="BasketTestCase" file="/home/francisco/www/PHPTestForBSkyB/assets/tests/BasketTest.php" line="40" assertions="1" time="0.004873"/>
      <testcase name="testRandomProductIsInBasket" class="BasketTestCase" file="/home/francisco/www/PHPTestForBSkyB/assets/tests/BasketTest.php" line="56" assertions="1" time="0.003942"/>
    </testsuite>
    <testsuite name="ProductMovie1TestCase" file="/home/francisco/www/PHPTestForBSkyB/assets/tests/ProductMovie1Test.php" tests="2" assertions="2" failures="0" errors="0" time="0.008124">
      <testcase name="testMovie1ProductCode" class="ProductMovie1TestCase" file="/home/francisco/www/PHPTestForBSkyB/assets/tests/ProductMovie1Test.php" line="16" assertions="1" time="0.004047"/>
      <testcase name="testMovie1ProductDoesHaveAddOn" class="ProductMovie1TestCase" file="/home/francisco/www/PHPTestForBSkyB/assets/tests/ProductMovie1Test.php" line="28" assertions="1" time="0.004077"/>
    </testsuite>
    <testsuite name="ProductsTest" file="/home/francisco/www/PHPTestForBSkyB/assets/tests/ProductsTest.php" tests="2" assertions="6" failures="0" errors="0" time="0.008947">
      <testcase name="testProductsAreInstanceOfProductClass" class="ProductsTest" file="/home/francisco/www/PHPTestForBSkyB/assets/tests/ProductsTest.php" line="16" assertions="3" time="0.004097"/>
      <testcase name="testOutPutProductCodesIsString" class="ProductsTest" file="/home/francisco/www/PHPTestForBSkyB/assets/tests/ProductsTest.php" line="31" assertions="3" time="0.004850"/>
    </testsuite>
  </testsuite>
</testsuites>
