<?xml version="1.0" encoding="UTF-8"?>
<testsuites>
  <testsuite name="." tests="12" assertions="19" failures="1" errors="0" time="0.063735">
    <testsuite name="BasketTestCase" file="/home/francisco/www/PHPTestForBSkyB/assets/tests/BasketTest.php" tests="4" assertions="4" failures="0" errors="0" time="0.022890">
      <testcase name="testIsInstanceOfBasket" class="BasketTestCase" file="/home/francisco/www/PHPTestForBSkyB/assets/tests/BasketTest.php" line="16" assertions="1" time="0.009523"/>
      <testcase name="testEmptyBasket" class="BasketTestCase" file="/home/francisco/www/PHPTestForBSkyB/assets/tests/BasketTest.php" line="28" assertions="1" time="0.004284"/>
      <testcase name="testProductCanBeFoundInBasket" class="BasketTestCase" file="/home/francisco/www/PHPTestForBSkyB/assets/tests/BasketTest.php" line="40" assertions="1" time="0.005118"/>
      <testcase name="testRandomProductIsInBasket" class="BasketTestCase" file="/home/francisco/www/PHPTestForBSkyB/assets/tests/BasketTest.php" line="56" assertions="1" time="0.003965"/>
    </testsuite>
    <testsuite name="ProductMovie1TestCase" file="/home/francisco/www/PHPTestForBSkyB/assets/tests/ProductMovie1Test.php" tests="3" assertions="4" failures="0" errors="0" time="0.012462">
      <testcase name="testMovie1ProductCode" class="ProductMovie1TestCase" file="/home/francisco/www/PHPTestForBSkyB/assets/tests/ProductMovie1Test.php" line="16" assertions="2" time="0.004541"/>
      <testcase name="testMovie1ProductName" class="ProductMovie1TestCase" file="/home/francisco/www/PHPTestForBSkyB/assets/tests/ProductMovie1Test.php" line="30" assertions="1" time="0.003772"/>
      <testcase name="testMovie1ProductDoesHaveAddOn" class="ProductMovie1TestCase" file="/home/francisco/www/PHPTestForBSkyB/assets/tests/ProductMovie1Test.php" line="43" assertions="1" time="0.004149"/>
    </testsuite>
    <testsuite name="ServiceAvailabilityTest" file="/home/francisco/www/PHPTestForBSkyB/assets/tests/ServiceAvailabilityTest.php" tests="2" assertions="2" failures="1" errors="0" time="0.014732">
      <testcase name="testIsInstanceOfServiceAvailability" class="ServiceAvailabilityTest" file="/home/francisco/www/PHPTestForBSkyB/assets/tests/ServiceAvailabilityTest.php" line="16" assertions="1" time="0.003790"/>
      <testcase name="testServiceAvailabilityHasResponseMessage" class="ServiceAvailabilityTest" file="/home/francisco/www/PHPTestForBSkyB/assets/tests/ServiceAvailabilityTest.php" line="28" assertions="1" time="0.010942">
        <failure type="PHPUnit_Framework_ExpectationFailedException">ServiceAvailabilityTest::testServiceAvailabilityHasResponseMessage
Failed asserting that a string is empty.

/home/francisco/www/PHPTestForBSkyB/assets/tests/ServiceAvailabilityTest.php:30
</failure>
      </testcase>
    </testsuite>
    <testsuite name="ProductsTest" file="/home/francisco/www/PHPTestForBSkyB/assets/tests/ProductsTest.php" tests="3" assertions="9" failures="0" errors="0" time="0.013651">
      <testcase name="testProductsAreInstanceOfProductClass" class="ProductsTest" file="/home/francisco/www/PHPTestForBSkyB/assets/tests/ProductsTest.php" line="16" assertions="3" time="0.004265"/>
      <testcase name="testOutPutProductCodesIsString" class="ProductsTest" file="/home/francisco/www/PHPTestForBSkyB/assets/tests/ProductsTest.php" line="31" assertions="3" time="0.004809"/>
      <testcase name="testMovie1ProductName" class="ProductsTest" file="/home/francisco/www/PHPTestForBSkyB/assets/tests/ProductsTest.php" line="47" assertions="3" time="0.004577"/>
    </testsuite>
  </testsuite>
</testsuites>
