<?xml version="1.0" encoding="UTF-8"?>
<testsuites>
  <testsuite name="." tests="8" assertions="12" failures="0" errors="0" time="0.038728">
    <testsuite name="BasketTestCase" file="/home/francisco/www/PHPTestForBSkyB/assets/tests/BasketTest.php" tests="4" assertions="4" failures="0" errors="0" time="0.021946">
      <testcase name="testIsInstanceOfBasket" class="BasketTestCase" file="/home/francisco/www/PHPTestForBSkyB/assets/tests/BasketTest.php" line="16" assertions="1" time="0.008785"/>
      <testcase name="testEmptyBasket" class="BasketTestCase" file="/home/francisco/www/PHPTestForBSkyB/assets/tests/BasketTest.php" line="28" assertions="1" time="0.004158"/>
      <testcase name="testProductCanBeFoundInBasket" class="BasketTestCase" file="/home/francisco/www/PHPTestForBSkyB/assets/tests/BasketTest.php" line="40" assertions="1" time="0.004898"/>
      <testcase name="testRandomProductIsInBasket" class="BasketTestCase" file="/home/francisco/www/PHPTestForBSkyB/assets/tests/BasketTest.php" line="56" assertions="1" time="0.004105"/>
    </testsuite>
    <testsuite name="ProductMovie1TestCase" file="/home/francisco/www/PHPTestForBSkyB/assets/tests/ProductMovie1Test.php" tests="2" assertions="2" failures="0" errors="0" time="0.007900">
      <testcase name="testMovie1ProductCode" class="ProductMovie1TestCase" file="/home/francisco/www/PHPTestForBSkyB/assets/tests/ProductMovie1Test.php" line="16" assertions="1" time="0.004039"/>
      <testcase name="testMovie1ProductDoesHaveAddOn" class="ProductMovie1TestCase" file="/home/francisco/www/PHPTestForBSkyB/assets/tests/ProductMovie1Test.php" line="28" assertions="1" time="0.003861"/>
    </testsuite>
    <testsuite name="ProductsTest" file="/home/francisco/www/PHPTestForBSkyB/assets/tests/ProductsTest.php" tests="2" assertions="6" failures="0" errors="0" time="0.008882">
      <testcase name="testProductsAreInstanceOfProductClass" class="ProductsTest" file="/home/francisco/www/PHPTestForBSkyB/assets/tests/ProductsTest.php" line="16" assertions="3" time="0.004147"/>
      <testcase name="testOutPutProductCodesIsString" class="ProductsTest" file="/home/francisco/www/PHPTestForBSkyB/assets/tests/ProductsTest.php" line="31" assertions="3" time="0.004735"/>
    </testsuite>
  </testsuite>
</testsuites>
