<?xml version="1.0" encoding="UTF-8"?>
<testsuites>
  <testsuite name="." tests="10" assertions="17" failures="0" errors="0" time="0.046760">
    <testsuite name="BasketTestCase" file="/home/francisco/www/PHPTestForBSkyB/assets/tests/BasketTest.php" tests="4" assertions="4" failures="0" errors="0" time="0.021553">
      <testcase name="testIsInstanceOfBasket" class="BasketTestCase" file="/home/francisco/www/PHPTestForBSkyB/assets/tests/BasketTest.php" line="16" assertions="1" time="0.008375"/>
      <testcase name="testEmptyBasket" class="BasketTestCase" file="/home/francisco/www/PHPTestForBSkyB/assets/tests/BasketTest.php" line="28" assertions="1" time="0.004237"/>
      <testcase name="testProductCanBeFoundInBasket" class="BasketTestCase" file="/home/francisco/www/PHPTestForBSkyB/assets/tests/BasketTest.php" line="40" assertions="1" time="0.005115"/>
      <testcase name="testRandomProductIsInBasket" class="BasketTestCase" file="/home/francisco/www/PHPTestForBSkyB/assets/tests/BasketTest.php" line="56" assertions="1" time="0.003826"/>
    </testsuite>
    <testsuite name="ProductMovie1TestCase" file="/home/francisco/www/PHPTestForBSkyB/assets/tests/ProductMovie1Test.php" tests="3" assertions="4" failures="0" errors="0" time="0.011760">
      <testcase name="testMovie1ProductCode" class="ProductMovie1TestCase" file="/home/francisco/www/PHPTestForBSkyB/assets/tests/ProductMovie1Test.php" line="16" assertions="2" time="0.004337"/>
      <testcase name="testMovie1ProductName" class="ProductMovie1TestCase" file="/home/francisco/www/PHPTestForBSkyB/assets/tests/ProductMovie1Test.php" line="30" assertions="1" time="0.003569"/>
      <testcase name="testMovie1ProductDoesHaveAddOn" class="ProductMovie1TestCase" file="/home/francisco/www/PHPTestForBSkyB/assets/tests/ProductMovie1Test.php" line="43" assertions="1" time="0.003854"/>
    </testsuite>
    <testsuite name="ProductsTest" file="/home/francisco/www/PHPTestForBSkyB/assets/tests/ProductsTest.php" tests="3" assertions="9" failures="0" errors="0" time="0.013447">
      <testcase name="testProductsAreInstanceOfProductClass" class="ProductsTest" file="/home/francisco/www/PHPTestForBSkyB/assets/tests/ProductsTest.php" line="16" assertions="3" time="0.004066"/>
      <testcase name="testOutPutProductCodesIsString" class="ProductsTest" file="/home/francisco/www/PHPTestForBSkyB/assets/tests/ProductsTest.php" line="31" assertions="3" time="0.004591"/>
      <testcase name="testMovie1ProductName" class="ProductsTest" file="/home/francisco/www/PHPTestForBSkyB/assets/tests/ProductsTest.php" line="47" assertions="3" time="0.004790"/>
    </testsuite>
  </testsuite>
</testsuites>
